This file contains any messages produced by compilers while
running configure, to aid debugging if configure makes a mistake.

It was created by fischland configure 0.64.0, which was
generated by GNU Autoconf 2.59.  Invocation command line was

  $ ./configure 

## --------- ##
## Platform. ##
## --------- ##

hostname = heinlein.local
uname -m = Power Macintosh
uname -r = 7.9.0
uname -s = Darwin
uname -v = Darwin Kernel Version 7.9.0: Wed Mar 30 20:11:17 PST 2005; root:xnu/xnu-517.12.7.obj~1/RELEASE_PPC 

/usr/bin/uname -p = powerpc
/bin/uname -X     = unknown

/bin/arch              = unknown
/usr/bin/arch -k       = unknown
/usr/convex/getsysinfo = unknown
hostinfo               = Mach kernel version:
	 Darwin Kernel Version 7.9.0:
Wed Mar 30 20:11:17 PST 2005; root:xnu/xnu-517.12.7.obj~1/RELEASE_PPC


Kernel configured for a single processor only.
1 processor is physically available.
Processor type: ppc7450 (PowerPC 7450)
Processor active: 0
Primary memory available: 640.00 megabytes.
Default processor set: 70 tasks, 145 threads, 1 processors
Load average: 1.47, Mach factor: 0.33
unknown
/bin/machine           = unknown
/usr/bin/oslevel       = unknown
/bin/universe          = unknown

PATH: /sw/bin
PATH: /sw/sbin
PATH: /bin
PATH: /sbin
PATH: /usr/bin
PATH: /usr/local/bin
PATH: /usr/sbin
PATH: /usr/X11R6/bin
PATH: /usr/local/bin
PATH: /Users/mark/bin


## ----------- ##
## Core tests. ##
## ----------- ##

configure:1320: checking for g++
configure:1336: found /usr/bin/g++
configure:1346: result: g++
configure:1362: checking for C++ compiler version
configure:1365: g++ --version </dev/null >&5
g++ (GCC) 3.3 20030304 (Apple Computer, Inc. build 1495)
Copyright (C) 2002 Free Software Foundation, Inc.
This is free software; see the source for copying conditions.  There is NO
warranty; not even for MERCHANTABILITY or FITNESS FOR A PARTICULAR PURPOSE.

configure:1368: $? = 0
configure:1370: g++ -v </dev/null >&5
Reading specs from /usr/libexec/gcc/darwin/ppc/3.3/specs
Thread model: posix
gcc version 3.3 20030304 (Apple Computer, Inc. build 1495)
configure:1373: $? = 0
configure:1375: g++ -V </dev/null >&5
g++: `-V' option must have argument
configure:1378: $? = 1
configure:1401: checking for C++ compiler default output file name
configure:1404: g++    conftest.cc  >&5
configure:1407: $? = 0
configure:1453: result: a.out
configure:1458: checking whether the C++ compiler works
configure:1464: ./a.out
configure:1467: $? = 0
configure:1484: result: yes
configure:1491: checking whether we are cross compiling
configure:1493: result: no
configure:1496: checking for suffix of executables
configure:1498: g++ -o conftest    conftest.cc  >&5
configure:1501: $? = 0
configure:1526: result: 
configure:1532: checking for suffix of object files
configure:1553: g++ -c   conftest.cc >&5
configure:1556: $? = 0
configure:1578: result: o
configure:1582: checking whether we are using the GNU C++ compiler
configure:1606: g++ -c   conftest.cc >&5
configure:1612: $? = 0
configure:1616: test -z 
			 || test ! -s conftest.err
configure:1619: $? = 0
configure:1622: test -s conftest.o
configure:1625: $? = 0
configure:1638: result: yes
configure:1644: checking whether g++ accepts -g
configure:1665: g++ -c -g  conftest.cc >&5
configure:1671: $? = 0
configure:1675: test -z 
			 || test ! -s conftest.err
configure:1678: $? = 0
configure:1681: test -s conftest.o
configure:1684: $? = 0
configure:1695: result: yes
configure:1737: g++ -c -g -O2  conftest.cc >&5
configure:1743: $? = 0
configure:1747: test -z 
			 || test ! -s conftest.err
configure:1750: $? = 0
configure:1753: test -s conftest.o
configure:1756: $? = 0
configure:1782: g++ -c -g -O2  conftest.cc >&5
conftest.cc: In function `int main()':
conftest.cc:13: error: `exit' undeclared (first use this function)
conftest.cc:13: error: (Each undeclared identifier is reported only once for 
   each function it appears in.)
configure:1788: $? = 1
configure: failed program was:
| /* confdefs.h.  */
| 
| #define PACKAGE_NAME "fischland"
| #define PACKAGE_TARNAME "fischland"
| #define PACKAGE_VERSION "0.64.0"
| #define PACKAGE_STRING "fischland 0.64.0"
| #define PACKAGE_BUGREPORT "mhopf@mark13.org"
| /* end confdefs.h.  */
| 
| int
| main ()
| {
| exit (42);
|   ;
|   return 0;
| }
configure:1737: g++ -c -g -O2  conftest.cc >&5
configure:1743: $? = 0
configure:1747: test -z 
			 || test ! -s conftest.err
configure:1750: $? = 0
configure:1753: test -s conftest.o
configure:1756: $? = 0
configure:1782: g++ -c -g -O2  conftest.cc >&5
configure:1788: $? = 0
configure:1792: test -z 
			 || test ! -s conftest.err
configure:1795: $? = 0
configure:1798: test -s conftest.o
configure:1801: $? = 0
configure:1824: checking whether ln -s works
configure:1828: result: yes
configure:1835: checking whether make sets $(MAKE)
configure:1855: result: yes
configure:1878: checking for pkg-config
configure:1896: found /sw/bin/pkg-config
configure:1909: result: /sw/bin/pkg-config
configure:1926: checking for toad
configure:1930: result: yes
configure:1934: checking TOAD_CFLAGS
configure:1937: result: -g -O2 -I/usr/local/include -I/usr/X11R6/include -I/usr/X11R6/include/freetype2  
configure:1940: checking TOAD_LIBS
configure:1943: result: -L/usr/local/lib -L/usr/X11R6/lib -ltoad -lfontconfig -lXft -lfreetype -lXrender -lSM -lICE -lXutf8 -lX11 -lpng -lz -lm  
configure:2024: checking for cairo
configure:2028: result: yes
configure:2032: checking CAIRO_CFLAGS
configure:2035: result: -I/usr/local/include -I/usr/X11R6/include -I/usr/X11R6/include/freetype2 -I/usr/local/include/libpng12  
configure:2038: checking CAIRO_LIBS
configure:2041: result: -L/usr/local/lib -L/usr/X11R6/lib -lcairo -lfontconfig -lpixman -lpng12 -lz -lglitz -lm  
configure:2240: creating ./config.status

## ---------------------- ##
## Running config.status. ##
## ---------------------- ##

This file was extended by fischland config.status 0.64.0, which was
generated by GNU Autoconf 2.59.  Invocation command line was

  CONFIG_FILES    = 
  CONFIG_HEADERS  = 
  CONFIG_LINKS    = 
  CONFIG_COMMANDS = 
  $ ./config.status 

on heinlein.local

config.status:646: creating Makefile
config.status:749: creating config.h
config.status:833: config.h is unchanged

## ---------------- ##
## Cache variables. ##
## ---------------- ##

ac_cv_cxx_compiler_gnu=yes
ac_cv_env_CPPFLAGS_set=
ac_cv_env_CPPFLAGS_value=
ac_cv_env_CXXFLAGS_set=
ac_cv_env_CXXFLAGS_value=
ac_cv_env_CXX_set=
ac_cv_env_CXX_value=
ac_cv_env_LDFLAGS_set=
ac_cv_env_LDFLAGS_value=
ac_cv_env_build_alias_set=
ac_cv_env_build_alias_value=
ac_cv_env_host_alias_set=
ac_cv_env_host_alias_value=
ac_cv_env_target_alias_set=
ac_cv_env_target_alias_value=
ac_cv_exeext=
ac_cv_objext=o
ac_cv_path_PKG_CONFIG=/sw/bin/pkg-config
ac_cv_prog_ac_ct_CXX=g++
ac_cv_prog_cxx_g=yes
ac_cv_prog_make_make_set=yes

## ----------------- ##
## Output variables. ##
## ----------------- ##

CAIRO_CFLAGS='-I/usr/local/include -I/usr/X11R6/include -I/usr/X11R6/include/freetype2 -I/usr/local/include/libpng12  '
CAIRO_LIBS='-L/usr/local/lib -L/usr/X11R6/lib -lcairo -lfontconfig -lpixman -lpng12 -lz -lglitz -lm  '
CPPFLAGS=''
CXX='g++'
CXXFLAGS=' -g -O2 -I/usr/local/include -I/usr/X11R6/include -I/usr/X11R6/include/freetype2 -I/usr/local/include/libpng12'
DEFS='-DHAVE_CONFIG_H'
ECHO_C=''
ECHO_N='-n'
ECHO_T=''
EXEEXT=''
LDFLAGS=''
LIBOBJS=''
LIBS=' -L/usr/local/lib -L/usr/X11R6/lib -ltoad -lXft -lfreetype -lXrender -lSM -lICE -lXutf8 -lX11 -lcairo -lfontconfig -lpixman -lpng12 -lz -lglitz -lm '
LN_S='ln -s'
LTLIBOBJS=''
OBJEXT='o'
PACKAGE_BUGREPORT='mhopf@mark13.org'
PACKAGE_NAME='fischland'
PACKAGE_STRING='fischland 0.64.0'
PACKAGE_TARNAME='fischland'
PACKAGE_VERSION='0.64.0'
PATH_SEPARATOR=':'
PKG_CONFIG='/sw/bin/pkg-config'
SET_MAKE=''
SHELL='/bin/sh'
TOAD_CFLAGS='-g -O2 -I/usr/local/include -I/usr/X11R6/include -I/usr/X11R6/include/freetype2  '
TOAD_LIBS='-L/usr/local/lib -L/usr/X11R6/lib -ltoad -lfontconfig -lXft -lfreetype -lXrender -lSM -lICE -lXutf8 -lX11 -lpng -lz -lm  '
ac_ct_CXX='g++'
bindir='${exec_prefix}/bin'
build_alias=''
datadir='${prefix}/share'
exec_prefix='${prefix}'
host_alias=''
includedir='${prefix}/include'
infodir='${prefix}/info'
libdir='${exec_prefix}/lib'
libexecdir='${exec_prefix}/libexec'
localstatedir='${prefix}/var'
mandir='${prefix}/man'
oldincludedir='/usr/include'
prefix='/usr/local'
program_transform_name='s,x,x,'
sbindir='${exec_prefix}/sbin'
sharedstatedir='${prefix}/com'
sysconfdir='${prefix}/etc'
target_alias=''

## ----------- ##
## confdefs.h. ##
## ----------- ##

#define HAVE_LIBCAIRO 1
#define PACKAGE_BUGREPORT "mhopf@mark13.org"
#define PACKAGE_NAME "fischland"
#define PACKAGE_STRING "fischland 0.64.0"
#define PACKAGE_TARNAME "fischland"
#define PACKAGE_VERSION "0.64.0"
#endif
#ifdef __cplusplus
extern "C" void std::exit (int) throw (); using std::exit;

configure: exit 0
